<?xml version="1.0" encoding="UTF-8"?>
<testsuites name="SuitOn" time="10.774" tests="1" failures="0" skips="0" errors="0">
   <testsuite name="SuitOn" tests="1" failures="0" errors="0" time="10.774" skips="0" timestamp="2021-02-08 22:14:08" hostname="900015183 - HYDLT-7WKMTT2.rbc.int" id="Test Suites/SuitOn">
      <properties>
         <property name="deviceName" value=""/>
         <property name="devicePlatform" value=""/>
         <property name="logFolder" value="C:\\Users\\900015183\\git\\KatalonTests\\Reports\\20210208_221405\\SuitOn\\20210208_221405"/>
         <property name="logFiles" value="C:\\Users\\900015183\\git\\KatalonTests\\Reports\\20210208_221405\\SuitOn\\20210208_221405\\execution0.log"/>
         <property name="attachments" value=""/>
         <property name="hostName" value="900015183 - HYDLT-7WKMTT2.rbc.int"/>
         <property name="os" value="Windows 10 64bit"/>
         <property name="katalonVersion" value="7.9.0.208"/>
         <property name="browser" value="Chrome 88.0.4324.96"/>
         <property name="hostAddress" value="10.139.248.74"/>
         <property name="sessionId" value="cf42eee7769d99a42ff4565832801c7f"/>
         <property name="seleniumVersion" value="3.141.59"/>
         <property name="proxyInformation" value="ProxyInformation { proxyOption=NO_PROXY, proxyServerType=HTTP, username=, password=********, proxyServerAddress=, proxyServerPort=0, executionList=&quot;&quot;, isApplyToDesiredCapabilities=true }"/>
         <property name="platform" value="Windows 10"/>
      </properties>
      <testcase name="Test Cases/TestOn" time="8.966" classname="Test Cases/TestOn" status="PASSED">
         <system-out><![CDATA[2021-02-08 22:14:09 - [TEST_CASE][PASSED] - Test Cases/TestOn: Test Cases/TestOn

2021-02-08 22:14:10 - [TEST_STEP][PASSED] - openBrowser(""): Browser is opened with url: ''

2021-02-08 22:14:10 - [MESSAGE][INFO] - Starting 'Chrome' driver

2021-02-08 22:14:10 - [MESSAGE][INFO] - Action delay is set to 0 milliseconds

2021-02-08 22:14:15 - [MESSAGE][PASSED] - Browser is opened with url: ''

2021-02-08 22:14:15 - [TEST_STEP][PASSED] - navigateToUrl("https://www.google.com/"): Navigate to 'https://www.google.com/' successfully

2021-02-08 22:14:18 - [MESSAGE][PASSED] - Navigate to 'https://www.google.com/' successfully

2021-02-08 22:14:18 - [TEST_STEP][PASSED] - closeBrowser(): Browser is closed

2021-02-08 22:14:18 - [MESSAGE][PASSED] - Browser is closed]]></system-out>
         <system-err><![CDATA[]]></system-err>
      </testcase>
      <system-out><![CDATA[2021-02-08 22:14:08 - [TEST_SUITE][PASSED] - SuitOn: Test Cases/TestOn]]></system-out>
      <system-err><![CDATA[]]></system-err>
   </testsuite>
</testsuites>
