<?xml version="1.0" encoding="UTF-8"?>
<testsuites name="R6 TestRail Testcases" time="10.539" tests="2" failures="0" skips="0" errors="0">
   <testsuite name="R6 TestRail Testcases" tests="2" failures="0" errors="0" time="10.539" skips="0" timestamp="2021-07-22 16:34:02" hostname="900015183 - HYDLT-7WKMTT2.rbc.int" id="Test Suites/R6 TestRail Testcases">
      <properties>
         <property name="deviceName" value=""/>
         <property name="devicePlatform" value=""/>
         <property name="logFolder" value="C:\\Users\\900015183\\git\\KatalonTests\\Reports\\20210722_163359\\R6 TestRail Testcases\\20210722_163359"/>
         <property name="logFiles" value="C:\\Users\\900015183\\git\\KatalonTests\\Reports\\20210722_163359\\R6 TestRail Testcases\\20210722_163359\\execution0.log"/>
         <property name="attachments" value=""/>
         <property name="hostName" value="900015183 - HYDLT-7WKMTT2.rbc.int"/>
         <property name="os" value="Windows 10 64bit"/>
         <property name="katalonVersion" value="7.9.0.208"/>
         <property name="browser" value="Chrome 91.0.4472.101"/>
         <property name="hostAddress" value="10.139.248.99"/>
         <property name="sessionId" value="1f26998e3342eb1790a545df0942b4e1"/>
         <property name="seleniumVersion" value="3.141.59"/>
         <property name="proxyInformation" value="ProxyInformation { proxyOption=NO_PROXY, proxyServerType=HTTP, username=, password=********, proxyServerAddress=, proxyServerPort=0, executionList=&quot;&quot;, isApplyToDesiredCapabilities=true }"/>
         <property name="platform" value="Windows 10"/>
      </properties>
      <testcase name="Test Cases/TestRail TestCases/katalon One" time="4.624" classname="Test Cases/TestRail TestCases/katalon One" status="PASSED">
         <system-out><![CDATA[2021-07-22 16:34:04 - [TEST_CASE][PASSED] - Test Cases/TestRail TestCases/katalon One: Test Cases/TestRail TestCases/katalon One

2021-07-22 16:34:04 - [TEST_STEP][PASSED] - openBrowser(""): Browser is opened with url: ''

2021-07-22 16:34:04 - [MESSAGE][INFO] - Starting 'Chrome' driver

2021-07-22 16:34:04 - [MESSAGE][INFO] - Action delay is set to 0 milliseconds

2021-07-22 16:34:08 - [MESSAGE][PASSED] - Browser is opened with url: ''

2021-07-22 16:34:08 - [TEST_STEP][PASSED] - closeBrowser(): Browser is closed

2021-07-22 16:34:08 - [MESSAGE][PASSED] - Browser is closed]]></system-out>
         <system-err><![CDATA[]]></system-err>
      </testcase>
      <testcase name="Test Cases/TestRail TestCases/Katalon two" time="3.744" classname="Test Cases/TestRail TestCases/Katalon two" status="PASSED">
         <system-out><![CDATA[2021-07-22 16:34:08 - [TEST_CASE][PASSED] - Test Cases/TestRail TestCases/Katalon two: Test Cases/TestRail TestCases/Katalon two

2021-07-22 16:34:09 - [TEST_STEP][PASSED] - openBrowser(""): Browser is opened with url: ''

2021-07-22 16:34:09 - [MESSAGE][INFO] - Starting 'Chrome' driver

2021-07-22 16:34:09 - [MESSAGE][INFO] - Action delay is set to 0 milliseconds

2021-07-22 16:34:11 - [MESSAGE][PASSED] - Browser is opened with url: ''

2021-07-22 16:34:11 - [TEST_STEP][PASSED] - closeBrowser(): Browser is closed

2021-07-22 16:34:12 - [MESSAGE][PASSED] - Browser is closed

2021-07-22 16:34:12 - [TEST_STEP][PASSED] - closeBrowser(STOP_ON_FAILURE): Browser is closed

2021-07-22 16:34:12 - [MESSAGE][PASSED] - Browser is closed]]></system-out>
         <system-err><![CDATA[]]></system-err>
      </testcase>
      <system-out><![CDATA[2021-07-22 16:34:02 - [TEST_SUITE][PASSED] - R6 TestRail Testcases: Test Cases/TestRail TestCases/Katalon two]]></system-out>
      <system-err><![CDATA[]]></system-err>
   </testsuite>
</testsuites>
